<?xml version="1.0" encoding="UTF-8"?>
<!-- Generated by org.testng.reporters.JUnitXMLReporter -->
<testsuite ignored="6" hostname="LTIN217458" failures="0" tests="19" name="Test" time="84.767" errors="0" timestamp="2024-02-29T17:53:58 IST">
  <testcase classname="stepDefinations.DisplayDoctors" name="user_present_on_practo_com_website_one" time="2.464"/>
  <testcase classname="stepDefinations.DisplayDoctors" name="user_enters_city_bangalore_in_seachbox" time="0.946"/>
  <testcase classname="stepDefinations.DisplayDoctors" name="user_clicks_on_bangalore_option" time="0.243"/>
  <testcase classname="stepDefinations.DisplayDoctors" name="user_enters_medical_specialist_cardiologist_in_seachbox" time="0.281"/>
  <testcase classname="stepDefinations.DisplayDoctors" name="user_clicks_on_cardiologist_option" time="4.141"/>
  <testcase classname="stepDefinations.DisplayDoctors" name="user_applies_filters" time="5.264"/>
  <testcase classname="stepDefinations.DisplayDoctors" name="user_displays_the_first_five_doctors" time="7.875"/>
  <testcase classname="stepDefinations.DisplaySurgeries" name="user_present_on_practo_com_website" time="0.108"/>
  <testcase classname="stepDefinations.DisplaySurgeries" name="user_clicks_on_surgeries" time="3.008"/>
  <testcase classname="stepDefinations.DisplaySurgeries" name="user_displays_the_surgeries_list" time="3.66"/>
  <testcase classname="stepDefinations.FormValidation" name="user_present_on_practo_com_website_three" time="0.107"/>
  <testcase classname="stepDefinations.FormValidation" name="user_clicks_on_for_corporates" time="0.254"/>
  <testcase classname="stepDefinations.FormValidation" name="user_clicks_on_health_and_wellness_plan" time="17.387"/>
  <testcase classname="stepDefinations.FormValidation" name="user_enters_all_non_email_fields_in_the_form" time="1.623"/>
  <testcase classname="stepDefinations.FormValidation" name="user_enters_invalid_email" time="0.169"/>
  <testcase classname="stepDefinations.FormValidation" name="validate_if_schedule_a_demo_button_is_disabled" time="0.732"/>
  <testcase classname="stepDefinations.FormValidation" name="user_enters_valid_email" time="0.517"/>
  <testcase classname="stepDefinations.FormValidation" name="user_clicks_on_schedule_a_demo_button" time="0.896"/>
  <testcase classname="stepDefinations.FormValidation" name="validate_if_thank_you_message_is_displayed" time="0.409"/>
  <testcase classname="stepDefinations.hooks" name="@BeforeTest setup" time="0.0">
    <ignored/>
  </testcase> <!-- @BeforeTest setup -->
  <testcase classname="stepDefinations.hooks" name="@AfterTest close" time="0.0">
    <ignored/>
  </testcase> <!-- @AfterTest close -->
  <testcase classname="stepDefinations.hooks" name="@BeforeTest setup" time="0.0">
    <ignored/>
  </testcase> <!-- @BeforeTest setup -->
  <testcase classname="stepDefinations.hooks" name="@AfterTest close" time="0.0">
    <ignored/>
  </testcase> <!-- @AfterTest close -->
  <testcase classname="stepDefinations.hooks" name="@AfterTest close" time="0.0">
    <ignored/>
  </testcase> <!-- @AfterTest close -->
  <testcase classname="stepDefinations.hooks" name="@BeforeTest setup" time="0.0">
    <ignored/>
  </testcase> <!-- @BeforeTest setup -->
</testsuite> <!-- Test -->
