<?xml version="1.0" encoding="UTF-8"?>
<testng-results ignored="0" total="19" passed="19" failed="0" skipped="0">
  <reporter-output>
  </reporter-output>
  <suite started-at="2024-02-29T17:52:23 IST" name="Suite" finished-at="2024-02-29T17:53:48 IST" duration-ms="84767">
    <groups>
    </groups>
    <test started-at="2024-02-29T17:52:23 IST" name="Test" finished-at="2024-02-29T17:53:48 IST" duration-ms="84767">
      <class name="stepDefinations.hooks">
        <test-method is-config="true" signature="setup(java.lang.String)[pri:0, instance:stepDefinations.hooks@4b741d6d]" started-at="2024-02-29T17:52:25 IST" name="setup" finished-at="2024-02-29T17:52:45 IST" duration-ms="19454" status="PASS">
          <params>
            <param index="0">
              <value>
                <![CDATA[Chrome]]>
              </value>
            </param>
          </params>
          <reporter-output>
          </reporter-output>
        </test-method> <!-- setup -->
        <test-method is-config="true" signature="close()[pri:0, instance:stepDefinations.hooks@4b741d6d]" started-at="2024-02-29T17:53:46 IST" name="close" finished-at="2024-02-29T17:53:48 IST" duration-ms="2135" status="PASS">
          <reporter-output>
          </reporter-output>
        </test-method> <!-- close -->
      </class> <!-- stepDefinations.hooks -->
      <class name="stepDefinations.DisplayDoctors">
        <test-method signature="user_present_on_practo_com_website_one()[pri:0, instance:stepDefinations.DisplayDoctors@74d1dc36]" started-at="2024-02-29T17:52:45 IST" name="user_present_on_practo_com_website_one" finished-at="2024-02-29T17:52:47 IST" duration-ms="2464" status="PASS">
          <reporter-output>
          </reporter-output>
        </test-method> <!-- user_present_on_practo_com_website_one -->
        <test-method signature="user_enters_city_bangalore_in_seachbox()[pri:1, instance:stepDefinations.DisplayDoctors@74d1dc36]" started-at="2024-02-29T17:52:48 IST" name="user_enters_city_bangalore_in_seachbox" finished-at="2024-02-29T17:52:49 IST" duration-ms="946" status="PASS">
          <reporter-output>
          </reporter-output>
        </test-method> <!-- user_enters_city_bangalore_in_seachbox -->
        <test-method signature="user_clicks_on_bangalore_option()[pri:2, instance:stepDefinations.DisplayDoctors@74d1dc36]" started-at="2024-02-29T17:52:49 IST" name="user_clicks_on_bangalore_option" finished-at="2024-02-29T17:52:50 IST" depends-on-methods="stepDefinations.DisplayDoctors.user_enters_city_bangalore_in_seachbox" duration-ms="243" status="PASS">
          <reporter-output>
          </reporter-output>
        </test-method> <!-- user_clicks_on_bangalore_option -->
        <test-method signature="user_enters_medical_specialist_cardiologist_in_seachbox()[pri:3, instance:stepDefinations.DisplayDoctors@74d1dc36]" started-at="2024-02-29T17:52:50 IST" name="user_enters_medical_specialist_cardiologist_in_seachbox" finished-at="2024-02-29T17:52:51 IST" duration-ms="281" status="PASS">
          <reporter-output>
          </reporter-output>
        </test-method> <!-- user_enters_medical_specialist_cardiologist_in_seachbox -->
        <test-method signature="user_clicks_on_cardiologist_option()[pri:4, instance:stepDefinations.DisplayDoctors@74d1dc36]" started-at="2024-02-29T17:52:51 IST" name="user_clicks_on_cardiologist_option" finished-at="2024-02-29T17:52:55 IST" depends-on-methods="stepDefinations.DisplayDoctors.user_enters_medical_specialist_cardiologist_in_seachbox" duration-ms="4141" status="PASS">
          <reporter-output>
          </reporter-output>
        </test-method> <!-- user_clicks_on_cardiologist_option -->
        <test-method signature="user_applies_filters()[pri:5, instance:stepDefinations.DisplayDoctors@74d1dc36]" started-at="2024-02-29T17:52:56 IST" name="user_applies_filters" finished-at="2024-02-29T17:53:01 IST" duration-ms="5264" status="PASS">
          <reporter-output>
          </reporter-output>
        </test-method> <!-- user_applies_filters -->
        <test-method signature="user_displays_the_first_five_doctors()[pri:6, instance:stepDefinations.DisplayDoctors@74d1dc36]" started-at="2024-02-29T17:53:02 IST" name="user_displays_the_first_five_doctors" finished-at="2024-02-29T17:53:09 IST" duration-ms="7875" status="PASS">
          <reporter-output>
          </reporter-output>
        </test-method> <!-- user_displays_the_first_five_doctors -->
      </class> <!-- stepDefinations.DisplayDoctors -->
      <class name="stepDefinations.DisplaySurgeries">
        <test-method signature="user_present_on_practo_com_website()[pri:7, instance:stepDefinations.DisplaySurgeries@7161d8d1]" started-at="2024-02-29T17:53:10 IST" name="user_present_on_practo_com_website" finished-at="2024-02-29T17:53:10 IST" duration-ms="108" status="PASS">
          <reporter-output>
          </reporter-output>
        </test-method> <!-- user_present_on_practo_com_website -->
        <test-method signature="user_clicks_on_surgeries()[pri:8, instance:stepDefinations.DisplaySurgeries@7161d8d1]" started-at="2024-02-29T17:53:11 IST" name="user_clicks_on_surgeries" finished-at="2024-02-29T17:53:14 IST" duration-ms="3008" status="PASS">
          <reporter-output>
          </reporter-output>
        </test-method> <!-- user_clicks_on_surgeries -->
        <test-method signature="user_displays_the_surgeries_list()[pri:9, instance:stepDefinations.DisplaySurgeries@7161d8d1]" started-at="2024-02-29T17:53:15 IST" name="user_displays_the_surgeries_list" finished-at="2024-02-29T17:53:18 IST" duration-ms="3660" status="PASS">
          <reporter-output>
          </reporter-output>
        </test-method> <!-- user_displays_the_surgeries_list -->
      </class> <!-- stepDefinations.DisplaySurgeries -->
      <class name="stepDefinations.FormValidation">
        <test-method signature="user_present_on_practo_com_website_three()[pri:10, instance:stepDefinations.FormValidation@74e28667]" started-at="2024-02-29T17:53:19 IST" name="user_present_on_practo_com_website_three" finished-at="2024-02-29T17:53:19 IST" duration-ms="107" status="PASS">
          <reporter-output>
          </reporter-output>
        </test-method> <!-- user_present_on_practo_com_website_three -->
        <test-method signature="user_clicks_on_for_corporates()[pri:11, instance:stepDefinations.FormValidation@74e28667]" started-at="2024-02-29T17:53:20 IST" name="user_clicks_on_for_corporates" finished-at="2024-02-29T17:53:20 IST" duration-ms="254" status="PASS">
          <reporter-output>
          </reporter-output>
        </test-method> <!-- user_clicks_on_for_corporates -->
        <test-method signature="user_clicks_on_health_and_wellness_plan()[pri:12, instance:stepDefinations.FormValidation@74e28667]" started-at="2024-02-29T17:53:21 IST" name="user_clicks_on_health_and_wellness_plan" finished-at="2024-02-29T17:53:38 IST" duration-ms="17387" status="PASS">
          <reporter-output>
          </reporter-output>
        </test-method> <!-- user_clicks_on_health_and_wellness_plan -->
        <test-method signature="user_enters_all_non_email_fields_in_the_form()[pri:13, instance:stepDefinations.FormValidation@74e28667]" started-at="2024-02-29T17:53:38 IST" name="user_enters_all_non_email_fields_in_the_form" finished-at="2024-02-29T17:53:40 IST" duration-ms="1623" status="PASS">
          <reporter-output>
          </reporter-output>
        </test-method> <!-- user_enters_all_non_email_fields_in_the_form -->
        <test-method signature="user_enters_invalid_email()[pri:14, instance:stepDefinations.FormValidation@74e28667]" started-at="2024-02-29T17:53:40 IST" name="user_enters_invalid_email" finished-at="2024-02-29T17:53:41 IST" duration-ms="169" status="PASS">
          <reporter-output>
          </reporter-output>
        </test-method> <!-- user_enters_invalid_email -->
        <test-method signature="validate_if_schedule_a_demo_button_is_disabled()[pri:15, instance:stepDefinations.FormValidation@74e28667]" started-at="2024-02-29T17:53:41 IST" name="validate_if_schedule_a_demo_button_is_disabled" finished-at="2024-02-29T17:53:42 IST" duration-ms="732" status="PASS">
          <reporter-output>
          </reporter-output>
        </test-method> <!-- validate_if_schedule_a_demo_button_is_disabled -->
        <test-method signature="user_enters_valid_email()[pri:16, instance:stepDefinations.FormValidation@74e28667]" started-at="2024-02-29T17:53:42 IST" name="user_enters_valid_email" finished-at="2024-02-29T17:53:43 IST" duration-ms="517" status="PASS">
          <reporter-output>
          </reporter-output>
        </test-method> <!-- user_enters_valid_email -->
        <test-method signature="user_clicks_on_schedule_a_demo_button()[pri:17, instance:stepDefinations.FormValidation@74e28667]" started-at="2024-02-29T17:53:43 IST" name="user_clicks_on_schedule_a_demo_button" finished-at="2024-02-29T17:53:44 IST" duration-ms="896" status="PASS">
          <reporter-output>
          </reporter-output>
        </test-method> <!-- user_clicks_on_schedule_a_demo_button -->
        <test-method signature="validate_if_thank_you_message_is_displayed()[pri:18, instance:stepDefinations.FormValidation@74e28667]" started-at="2024-02-29T17:53:45 IST" name="validate_if_thank_you_message_is_displayed" finished-at="2024-02-29T17:53:46 IST" duration-ms="409" status="PASS">
          <reporter-output>
          </reporter-output>
        </test-method> <!-- validate_if_thank_you_message_is_displayed -->
      </class> <!-- stepDefinations.FormValidation -->
    </test> <!-- Test -->
  </suite> <!-- Suite -->
</testng-results>
